<?xml version="1.0" encoding="UTF-8"?>
<!-- Generated by org.testng.reporters.JUnitReportReporter -->
<testsuite skipped="0" hostname="DESKTOP-B3C55MD" name="com.mochkaroo.MockarooDataValidation" tests="19" failures="0" timestamp="29 Jun 2018 20:04:28 GMT" time="6.440" errors="0">
  <testcase name="TestO" time="0.808" classname="com.mochkaroo.MockarooDataValidation"/>
  <testcase name="TestB" time="0.431" classname="com.mochkaroo.MockarooDataValidation"/>
  <testcase name="TestL" time="1.188" classname="com.mochkaroo.MockarooDataValidation"/>
  <testcase name="TestG" time="0.039" classname="com.mochkaroo.MockarooDataValidation"/>
  <testcase name="TestF" time="0.032" classname="com.mochkaroo.MockarooDataValidation"/>
  <testcase name="TestJ" time="0.116" classname="com.mochkaroo.MockarooDataValidation"/>
  <testcase name="TestQ" time="0.011" classname="com.mochkaroo.MockarooDataValidation"/>
  <testcase name="TestK" time="0.674" classname="com.mochkaroo.MockarooDataValidation"/>
  <testcase name="TestM" time="1.086" classname="com.mochkaroo.MockarooDataValidation"/>
  <testcase name="TestS" time="0.001" classname="com.mochkaroo.MockarooDataValidation"/>
  <testcase name="TestN" time="1.110" classname="com.mochkaroo.MockarooDataValidation"/>
  <testcase name="TestC" time="0.098" classname="com.mochkaroo.MockarooDataValidation"/>
  <testcase name="TestA" time="0.005" classname="com.mochkaroo.MockarooDataValidation"/>
  <testcase name="TestI" time="0.717" classname="com.mochkaroo.MockarooDataValidation"/>
  <testcase name="TestH" time="0.067" classname="com.mochkaroo.MockarooDataValidation"/>
  <testcase name="TestP" time="0.002" classname="com.mochkaroo.MockarooDataValidation"/>
  <testcase name="TestD" time="0.026" classname="com.mochkaroo.MockarooDataValidation"/>
  <testcase name="TestE" time="0.022" classname="com.mochkaroo.MockarooDataValidation"/>
  <testcase name="TestR" time="0.007" classname="com.mochkaroo.MockarooDataValidation"/>
</testsuite> <!-- com.mochkaroo.MockarooDataValidation -->
