<?xml version="1.0" encoding="UTF-8"?>
<!-- Generated by org.testng.reporters.JUnitReportReporter -->
<testsuite skipped="0" hostname="DESKTOP-B3C55MD" name="com.mochkaroo.MockarooDataValidation1" tests="13" failures="0" timestamp="05 Jul 2018 00:57:08 GMT" time="14.735" errors="0">
  <testcase name="step3" time="0.012" classname="com.mochkaroo.MockarooDataValidation1"/>
  <testcase name="step4" time="0.253" classname="com.mochkaroo.MockarooDataValidation1"/>
  <testcase name="step5_6" time="0.439" classname="com.mochkaroo.MockarooDataValidation1"/>
  <testcase name="step7" time="0.039" classname="com.mochkaroo.MockarooDataValidation1"/>
  <testcase name="step8" time="0.021" classname="com.mochkaroo.MockarooDataValidation1"/>
  <testcase name="step9" time="0.065" classname="com.mochkaroo.MockarooDataValidation1"/>
  <testcase name="step10" time="0.063" classname="com.mochkaroo.MockarooDataValidation1"/>
  <testcase name="step11" time="0.050" classname="com.mochkaroo.MockarooDataValidation1"/>
  <testcase name="step12_13" time="0.303" classname="com.mochkaroo.MockarooDataValidation1"/>
  <testcase name="step14_15_16" time="8.436" classname="com.mochkaroo.MockarooDataValidation1"/>
  <testcase name="step17_18" time="5.030" classname="com.mochkaroo.MockarooDataValidation1"/>
  <testcase name="step22" time="0.022" classname="com.mochkaroo.MockarooDataValidation1"/>
  <testcase name="step26_27" time="0.002" classname="com.mochkaroo.MockarooDataValidation1"/>
</testsuite> <!-- com.mochkaroo.MockarooDataValidation1 -->
