<?xml version="1.0" encoding="UTF-8"?>
<!-- Generated by org.testng.reporters.JUnitReportReporter -->
<testsuite skipped="0" hostname="DESKTOP-B3C55MD" name="com.selenium_maruf.Kayak" tests="1" failures="0" timestamp="05 Jul 2018 01:02:36 GMT" time="8.201" errors="0">
  <testcase name="fromToInput" time="8.201" classname="com.selenium_maruf.Kayak"/>
</testsuite> <!-- com.selenium_maruf.Kayak -->
