<?xml version="1.0" encoding="UTF-8"?>
<!-- Generated by org.testng.reporters.JUnitReportReporter -->
<testsuite skipped="0" hostname="DESKTOP-B3C55MD" name="com.mochkaroo.Amazon" tests="1" failures="0" timestamp="30 Jun 2018 16:28:09 GMT" time="12.759" errors="0">
  <testcase name="getAllProductsV1" time="12.759" classname="com.mochkaroo.Amazon"/>
</testsuite> <!-- com.mochkaroo.Amazon -->
